Connecting to database specified by database.yml
Connecting to database specified by database.yml
Compiled jquery-1.9.0.js  (2ms)  (pid 7662)
Compiled jquery_ujs.js  (0ms)  (pid 7662)
Compiled jquery-ui-1.9.2.custom.js  (6ms)  (pid 7662)
Compiled jquery.datetimeentry.js  (0ms)  (pid 7662)
Compiled simpla.jquery.configuration.js  (0ms)  (pid 7662)
Compiled facebox.js  (0ms)  (pid 7662)
Compiled application.js  (147ms)  (pid 7662)
Compiled attendees.js  (0ms)  (pid 7662)
Compiled groups.js  (0ms)  (pid 7662)
Compiled highcharts.js  (2ms)  (pid 7662)
Compiled hours.js  (0ms)  (pid 7662)
Compiled jquery.wysiwyg.js  (0ms)  (pid 7662)
Compiled offerts.js  (0ms)  (pid 7662)
Compiled rooms.js  (0ms)  (pid 7662)
Compiled schedules.js  (0ms)  (pid 7662)
Compiled subgroups.js  (1ms)  (pid 7662)
Compiled workshops.js  (0ms)  (pid 7662)
Connecting to database specified by database.yml
Compiled jquery-1.9.0.js  (2ms)  (pid 3905)
Compiled jquery_ujs.js  (0ms)  (pid 3905)
Compiled jquery-ui-1.9.2.custom.js  (6ms)  (pid 3905)
Compiled jquery.datetimeentry.js  (0ms)  (pid 3905)
Compiled simpla.jquery.configuration.js  (0ms)  (pid 3905)
Compiled facebox.js  (0ms)  (pid 3905)
Compiled jquery_nested_form.js  (0ms)  (pid 3905)
Compiled application.js  (146ms)  (pid 3905)
Compiled attendees.js  (0ms)  (pid 3905)
Compiled groups.js  (0ms)  (pid 3905)
Compiled highcharts.js  (2ms)  (pid 3905)
Compiled hours.js  (0ms)  (pid 3905)
Compiled jquery.wysiwyg.js  (0ms)  (pid 3905)
Compiled offerts.js  (1ms)  (pid 3905)
Compiled rooms.js  (0ms)  (pid 3905)
Compiled schedules.js  (0ms)  (pid 3905)
Compiled subgroups.js  (0ms)  (pid 3905)
Compiled workshops.js  (0ms)  (pid 3905)
Compiled reset.css  (0ms)  (pid 3905)
Compiled style.css  (0ms)  (pid 3905)
Compiled table.css  (0ms)  (pid 3905)
Compiled invalid.css  (0ms)  (pid 3905)
Compiled blue.css  (0ms)  (pid 3905)
Compiled jquery.datetimeentry.css  (0ms)  (pid 3905)
Compiled redmond/jquery-ui-1.9.2.custom.css  (0ms)  (pid 3905)
Compiled application.css  (118ms)  (pid 3905)
Connecting to database specified by database.yml
Compiled jquery-1.9.0.js  (2ms)  (pid 3905)
Compiled jquery_ujs.js  (0ms)  (pid 3905)
Compiled jquery-ui-1.9.2.custom.js  (71ms)  (pid 3905)
Compiled jquery.datetimeentry.js  (0ms)  (pid 3905)
Compiled simpla.jquery.configuration.js  (0ms)  (pid 3905)
Compiled facebox.js  (0ms)  (pid 3905)
Compiled jquery_nested_form.js  (0ms)  (pid 3905)
Compiled application.js  (124ms)  (pid 3905)
Compiled attendees.js  (0ms)  (pid 3905)
Compiled groups.js  (0ms)  (pid 3905)
Compiled highcharts.js  (2ms)  (pid 3905)
Compiled hours.js  (0ms)  (pid 3905)
Compiled jquery.wysiwyg.js  (0ms)  (pid 3905)
Compiled offerts.js  (0ms)  (pid 3905)
Compiled rooms.js  (0ms)  (pid 3905)
Compiled schedules.js  (0ms)  (pid 3905)
Compiled subgroups.js  (0ms)  (pid 3905)
Compiled workshops.js  (0ms)  (pid 3905)
Compiled reset.css  (0ms)  (pid 3905)
Compiled style.css  (0ms)  (pid 3905)
Compiled table.css  (0ms)  (pid 3905)
Compiled invalid.css  (0ms)  (pid 3905)
Compiled blue.css  (0ms)  (pid 3905)
Compiled jquery.datetimeentry.css  (0ms)  (pid 3905)
Compiled redmond/jquery-ui-1.9.2.custom.css  (0ms)  (pid 3905)
Compiled application.css  (28ms)  (pid 3905)
Connecting to database specified by database.yml
Compiled jquery-1.9.0.js  (2ms)  (pid 7270)
Compiled jquery_ujs.js  (0ms)  (pid 7270)
Compiled jquery-ui-1.9.2.custom.js  (6ms)  (pid 7270)
Compiled jquery.datetimeentry.js  (0ms)  (pid 7270)
Compiled simpla.jquery.configuration.js  (0ms)  (pid 7270)
Compiled facebox.js  (0ms)  (pid 7270)
Compiled jquery_nested_form.js  (0ms)  (pid 7270)
Compiled application.js  (363ms)  (pid 7270)
Compiled attendees.js  (0ms)  (pid 7270)
Compiled groups.js  (0ms)  (pid 7270)
Compiled highcharts.js  (2ms)  (pid 7270)
Compiled hours.js  (0ms)  (pid 7270)
Compiled jquery.wysiwyg.js  (0ms)  (pid 7270)
Compiled offerts.js  (0ms)  (pid 7270)
Compiled rooms.js  (0ms)  (pid 7270)
Compiled schedules.js  (0ms)  (pid 7270)
Compiled subgroups.js  (0ms)  (pid 7270)
Compiled workshops.js  (0ms)  (pid 7270)
Compiled reset.css  (0ms)  (pid 7270)
Compiled style.css  (0ms)  (pid 7270)
Compiled table.css  (0ms)  (pid 7270)
Compiled invalid.css  (0ms)  (pid 7270)
Compiled blue.css  (0ms)  (pid 7270)
Compiled jquery.datetimeentry.css  (0ms)  (pid 7270)
Compiled redmond/jquery-ui-1.9.2.custom.css  (0ms)  (pid 7270)
Compiled application.css  (209ms)  (pid 7270)
Connecting to database specified by database.yml
Compiled jquery-1.9.0.js  (65ms)  (pid 7270)
Compiled jquery_ujs.js  (0ms)  (pid 7270)
Compiled jquery-ui-1.9.2.custom.js  (6ms)  (pid 7270)
Compiled jquery.datetimeentry.js  (0ms)  (pid 7270)
Compiled simpla.jquery.configuration.js  (0ms)  (pid 7270)
Compiled facebox.js  (0ms)  (pid 7270)
Compiled jquery_nested_form.js  (0ms)  (pid 7270)
Compiled application.js  (174ms)  (pid 7270)
Compiled attendees.js  (0ms)  (pid 7270)
Compiled groups.js  (0ms)  (pid 7270)
Compiled highcharts.js  (1ms)  (pid 7270)
Compiled hours.js  (0ms)  (pid 7270)
Compiled jquery.wysiwyg.js  (0ms)  (pid 7270)
Compiled offerts.js  (0ms)  (pid 7270)
Compiled rooms.js  (0ms)  (pid 7270)
Compiled schedules.js  (0ms)  (pid 7270)
Compiled subgroups.js  (0ms)  (pid 7270)
Compiled workshops.js  (0ms)  (pid 7270)
Compiled reset.css  (0ms)  (pid 7270)
Compiled style.css  (0ms)  (pid 7270)
Compiled table.css  (0ms)  (pid 7270)
Compiled invalid.css  (0ms)  (pid 7270)
Compiled blue.css  (0ms)  (pid 7270)
Compiled jquery.datetimeentry.css  (0ms)  (pid 7270)
Compiled redmond/jquery-ui-1.9.2.custom.css  (0ms)  (pid 7270)
Compiled application.css  (70ms)  (pid 7270)
Connecting to database specified by database.yml
Compiled jquery-1.9.0.js  (2ms)  (pid 11320)
Compiled jquery_ujs.js  (0ms)  (pid 11320)
Compiled jquery-ui-1.9.2.custom.js  (12ms)  (pid 11320)
Compiled jquery.datetimeentry.js  (0ms)  (pid 11320)
Compiled simpla.jquery.configuration.js  (0ms)  (pid 11320)
Compiled facebox.js  (0ms)  (pid 11320)
Compiled jquery_nested_form.js  (0ms)  (pid 11320)
Compiled application.js  (254ms)  (pid 11320)
Compiled attendees.js  (0ms)  (pid 11320)
Compiled groups.js  (0ms)  (pid 11320)
Compiled highcharts.js  (2ms)  (pid 11320)
Compiled hours.js  (0ms)  (pid 11320)
Compiled jquery.wysiwyg.js  (0ms)  (pid 11320)
Compiled offerts.js  (0ms)  (pid 11320)
Compiled rooms.js  (0ms)  (pid 11320)
Compiled schedules.js  (0ms)  (pid 11320)
Compiled subgroups.js  (0ms)  (pid 11320)
Compiled workshops.js  (0ms)  (pid 11320)
Compiled reset.css  (0ms)  (pid 11320)
Compiled style.css  (0ms)  (pid 11320)
Compiled table.css  (0ms)  (pid 11320)
Compiled invalid.css  (0ms)  (pid 11320)
Compiled blue.css  (0ms)  (pid 11320)
Compiled jquery.datetimeentry.css  (0ms)  (pid 11320)
Compiled redmond/jquery-ui-1.9.2.custom.css  (0ms)  (pid 11320)
Compiled application.css  (165ms)  (pid 11320)
Connecting to database specified by database.yml
Compiled jquery-1.9.0.js  (2ms)  (pid 11320)
Compiled jquery_ujs.js  (0ms)  (pid 11320)
Compiled jquery-ui-1.9.2.custom.js  (58ms)  (pid 11320)
Compiled jquery.datetimeentry.js  (0ms)  (pid 11320)
Compiled simpla.jquery.configuration.js  (0ms)  (pid 11320)
Compiled facebox.js  (0ms)  (pid 11320)
Compiled jquery_nested_form.js  (0ms)  (pid 11320)
Compiled application.js  (102ms)  (pid 11320)
Compiled attendees.js  (0ms)  (pid 11320)
Compiled groups.js  (0ms)  (pid 11320)
Compiled highcharts.js  (2ms)  (pid 11320)
Compiled hours.js  (0ms)  (pid 11320)
Compiled jquery.wysiwyg.js  (0ms)  (pid 11320)
Compiled offerts.js  (0ms)  (pid 11320)
Compiled rooms.js  (0ms)  (pid 11320)
Compiled schedules.js  (0ms)  (pid 11320)
Compiled subgroups.js  (0ms)  (pid 11320)
Compiled workshops.js  (0ms)  (pid 11320)
Compiled reset.css  (0ms)  (pid 11320)
Compiled style.css  (0ms)  (pid 11320)
Compiled table.css  (0ms)  (pid 11320)
Compiled invalid.css  (0ms)  (pid 11320)
Compiled blue.css  (0ms)  (pid 11320)
Compiled jquery.datetimeentry.css  (0ms)  (pid 11320)
Compiled redmond/jquery-ui-1.9.2.custom.css  (0ms)  (pid 11320)
Compiled application.css  (34ms)  (pid 11320)
Connecting to database specified by database.yml
Connecting to database specified by database.yml
Compiled jquery-1.9.0.js  (2ms)  (pid 12320)
Compiled jquery_ujs.js  (0ms)  (pid 12320)
Compiled jquery-ui-1.9.2.custom.js  (6ms)  (pid 12320)
Compiled jquery.datetimeentry.js  (0ms)  (pid 12320)
Compiled simpla.jquery.configuration.js  (0ms)  (pid 12320)
Compiled facebox.js  (0ms)  (pid 12320)
Compiled jquery_nested_form.js  (0ms)  (pid 12320)
Compiled application.js  (246ms)  (pid 12320)
Compiled attendees.js  (0ms)  (pid 12320)
Compiled groups.js  (0ms)  (pid 12320)
Compiled highcharts.js  (2ms)  (pid 12320)
Compiled hours.js  (0ms)  (pid 12320)
Compiled jquery.wysiwyg.js  (0ms)  (pid 12320)
Compiled offerts.js  (0ms)  (pid 12320)
Compiled rooms.js  (0ms)  (pid 12320)
Compiled schedules.js  (0ms)  (pid 12320)
Compiled subgroups.js  (0ms)  (pid 12320)
Compiled workshops.js  (0ms)  (pid 12320)
Compiled reset.css  (0ms)  (pid 12320)
Compiled style.css  (0ms)  (pid 12320)
Compiled table.css  (0ms)  (pid 12320)
Compiled invalid.css  (0ms)  (pid 12320)
Compiled blue.css  (0ms)  (pid 12320)
Compiled jquery.datetimeentry.css  (0ms)  (pid 12320)
Compiled redmond/jquery-ui-1.9.2.custom.css  (79ms)  (pid 12320)
Compiled application.css  (145ms)  (pid 12320)
Connecting to database specified by database.yml
Compiled jquery-1.9.0.js  (4ms)  (pid 12320)
Compiled jquery_ujs.js  (0ms)  (pid 12320)
Compiled jquery-ui-1.9.2.custom.js  (103ms)  (pid 12320)
Compiled jquery.datetimeentry.js  (0ms)  (pid 12320)
Compiled simpla.jquery.configuration.js  (0ms)  (pid 12320)
Compiled facebox.js  (0ms)  (pid 12320)
Compiled jquery_nested_form.js  (0ms)  (pid 12320)
Compiled application.js  (188ms)  (pid 12320)
Compiled attendees.js  (0ms)  (pid 12320)
Compiled groups.js  (0ms)  (pid 12320)
Compiled highcharts.js  (2ms)  (pid 12320)
Compiled hours.js  (0ms)  (pid 12320)
Compiled jquery.wysiwyg.js  (0ms)  (pid 12320)
Compiled offerts.js  (0ms)  (pid 12320)
Compiled rooms.js  (0ms)  (pid 12320)
Compiled schedules.js  (0ms)  (pid 12320)
Compiled subgroups.js  (0ms)  (pid 12320)
Compiled workshops.js  (0ms)  (pid 12320)
Compiled reset.css  (0ms)  (pid 12320)
Compiled style.css  (0ms)  (pid 12320)
Compiled table.css  (0ms)  (pid 12320)
Compiled invalid.css  (0ms)  (pid 12320)
Compiled blue.css  (0ms)  (pid 12320)
Compiled jquery.datetimeentry.css  (0ms)  (pid 12320)
Compiled redmond/jquery-ui-1.9.2.custom.css  (0ms)  (pid 12320)
Compiled application.css  (126ms)  (pid 12320)
Connecting to database specified by database.yml
Compiled jquery-1.9.0.js  (54ms)  (pid 16187)
Compiled jquery_ujs.js  (0ms)  (pid 16187)
Compiled jquery-ui-1.9.2.custom.js  (6ms)  (pid 16187)
Compiled jquery.datetimeentry.js  (0ms)  (pid 16187)
Compiled simpla.jquery.configuration.js  (0ms)  (pid 16187)
Compiled facebox.js  (0ms)  (pid 16187)
Compiled jquery_nested_form.js  (0ms)  (pid 16187)
Compiled markitup.js  (0ms)  (pid 16187)
Compiled markitup/sets/xbbcode/set.js  (0ms)  (pid 16187)
Compiled application.js  (261ms)  (pid 16187)
Compiled attendees.js  (0ms)  (pid 16187)
Compiled groups.js  (0ms)  (pid 16187)
Compiled highcharts.js  (2ms)  (pid 16187)
Compiled hours.js  (0ms)  (pid 16187)
Compiled jquery.wysiwyg.js  (0ms)  (pid 16187)
Compiled offerts.js  (0ms)  (pid 16187)
Compiled rooms.js  (0ms)  (pid 16187)
Compiled schedules.js  (0ms)  (pid 16187)
Compiled subgroups.js  (0ms)  (pid 16187)
Compiled workshops.js  (0ms)  (pid 16187)
Compiled reset.css  (0ms)  (pid 16187)
Compiled style.css  (0ms)  (pid 16187)
Compiled table.css  (0ms)  (pid 16187)
Compiled invalid.css  (0ms)  (pid 16187)
Compiled blue.css  (0ms)  (pid 16187)
Compiled jquery.datetimeentry.css  (0ms)  (pid 16187)
Compiled redmond/jquery-ui-1.9.2.custom.css  (0ms)  (pid 16187)
Compiled markitup/skins/markitup/style.css  (250ms)  (pid 16187)
Compiled markitup/sets/xbbcode/style.css  (317ms)  (pid 16187)
Compiled application.css  (658ms)  (pid 16187)
Connecting to database specified by database.yml
Compiled jquery-1.9.0.js  (2ms)  (pid 16187)
Compiled jquery_ujs.js  (0ms)  (pid 16187)
Compiled jquery-ui-1.9.2.custom.js  (67ms)  (pid 16187)
Compiled jquery.datetimeentry.js  (0ms)  (pid 16187)
Compiled simpla.jquery.configuration.js  (0ms)  (pid 16187)
Compiled facebox.js  (0ms)  (pid 16187)
Compiled jquery_nested_form.js  (0ms)  (pid 16187)
Compiled markitup.js  (0ms)  (pid 16187)
Compiled markitup/sets/xbbcode/set.js  (0ms)  (pid 16187)
Compiled application.js  (178ms)  (pid 16187)
Compiled attendees.js  (0ms)  (pid 16187)
Compiled groups.js  (0ms)  (pid 16187)
Compiled highcharts.js  (2ms)  (pid 16187)
Compiled hours.js  (0ms)  (pid 16187)
Compiled jquery.wysiwyg.js  (0ms)  (pid 16187)
Compiled offerts.js  (0ms)  (pid 16187)
Compiled rooms.js  (0ms)  (pid 16187)
Compiled schedules.js  (0ms)  (pid 16187)
Compiled subgroups.js  (0ms)  (pid 16187)
Compiled workshops.js  (0ms)  (pid 16187)
Compiled reset.css  (0ms)  (pid 16187)
Compiled style.css  (0ms)  (pid 16187)
Compiled table.css  (0ms)  (pid 16187)
Compiled invalid.css  (0ms)  (pid 16187)
Compiled blue.css  (0ms)  (pid 16187)
Compiled jquery.datetimeentry.css  (0ms)  (pid 16187)
Compiled redmond/jquery-ui-1.9.2.custom.css  (0ms)  (pid 16187)
Compiled markitup/skins/markitup/style.css  (168ms)  (pid 16187)
Compiled markitup/sets/xbbcode/style.css  (14ms)  (pid 16187)
Compiled application.css  (238ms)  (pid 16187)
